0 info it worked if it ends with ok
1 verbose cli [ 'node',
1 verbose cli   '/usr/local/bin/npm',
1 verbose cli   'install',
1 verbose cli   'load-grunt-task',
1 verbose cli   '--save-dev' ]
2 info using npm@1.4.28
3 info using node@v0.10.32
4 warn package.json karma-chrome-launcher@0.1.5 No README data
5 verbose readDependencies using package.json deps
6 verbose cache add [ 'load-grunt-task', null ]
7 verbose cache add name=undefined spec="load-grunt-task" args=["load-grunt-task",null]
8 verbose parsed url { protocol: null,
8 verbose parsed url   slashes: null,
8 verbose parsed url   auth: null,
8 verbose parsed url   host: null,
8 verbose parsed url   port: null,
8 verbose parsed url   hostname: null,
8 verbose parsed url   hash: null,
8 verbose parsed url   search: null,
8 verbose parsed url   query: null,
8 verbose parsed url   pathname: 'load-grunt-task',
8 verbose parsed url   path: 'load-grunt-task',
8 verbose parsed url   href: 'load-grunt-task' }
9 silly lockFile a93fcbf8-load-grunt-task load-grunt-task
10 verbose lock load-grunt-task /Users/patrick/.npm/a93fcbf8-load-grunt-task.lock
11 silly lockFile a93fcbf8-load-grunt-task load-grunt-task
12 silly lockFile a93fcbf8-load-grunt-task load-grunt-task
13 verbose addNamed [ 'load-grunt-task', '' ]
14 verbose addNamed [ null, '*' ]
15 silly lockFile 7524ef15-load-grunt-task load-grunt-task@
16 verbose lock load-grunt-task@ /Users/patrick/.npm/7524ef15-load-grunt-task.lock
17 silly addNameRange { name: 'load-grunt-task', range: '*', hasData: false }
18 verbose request where is /load-grunt-task
19 verbose request registry http://registry.npmjs.org/
20 verbose request id 7dfce202ac531524
21 verbose url raw /load-grunt-task
22 verbose url resolving [ 'http://registry.npmjs.org/', './load-grunt-task' ]
23 verbose url resolved http://registry.npmjs.org/load-grunt-task
24 verbose request where is http://registry.npmjs.org/load-grunt-task
25 info trying registry request attempt 1 at 11:42:12
26 http GET http://registry.npmjs.org/load-grunt-task
27 http 404 http://registry.npmjs.org/load-grunt-task
28 verbose headers { server: 'CouchDB/1.5.0 (Erlang OTP/R16B03)',
28 verbose headers   'content-type': 'application/json',
28 verbose headers   'cache-control': 'max-age=0',
28 verbose headers   'content-length': '52',
28 verbose headers   'accept-ranges': 'bytes',
28 verbose headers   date: 'Tue, 14 Oct 2014 09:42:12 GMT',
28 verbose headers   via: '1.1 varnish',
28 verbose headers   age: '0',
28 verbose headers   connection: 'keep-alive',
28 verbose headers   'x-served-by': 'cache-fra1229-FRA',
28 verbose headers   'x-cache': 'MISS',
28 verbose headers   'x-cache-hits': '0',
28 verbose headers   'x-timer': 'S1413279732.311481,VS0,VE175' }
29 silly registry.get cb [ 404,
29 silly registry.get   { server: 'CouchDB/1.5.0 (Erlang OTP/R16B03)',
29 silly registry.get     'content-type': 'application/json',
29 silly registry.get     'cache-control': 'max-age=0',
29 silly registry.get     'content-length': '52',
29 silly registry.get     'accept-ranges': 'bytes',
29 silly registry.get     date: 'Tue, 14 Oct 2014 09:42:12 GMT',
29 silly registry.get     via: '1.1 varnish',
29 silly registry.get     age: '0',
29 silly registry.get     connection: 'keep-alive',
29 silly registry.get     'x-served-by': 'cache-fra1229-FRA',
29 silly registry.get     'x-cache': 'MISS',
29 silly registry.get     'x-cache-hits': '0',
29 silly registry.get     'x-timer': 'S1413279732.311481,VS0,VE175' } ]
30 silly lockFile 7524ef15-load-grunt-task load-grunt-task@
31 silly lockFile 7524ef15-load-grunt-task load-grunt-task@
32 error 404 404 Not Found: load-grunt-task
32 error 404
32 error 404 'load-grunt-task' is not in the npm registry.
32 error 404 You should bug the author to publish it
32 error 404 It was specified as a dependency of 'angular-ztiles'
32 error 404
32 error 404 Note that you can also install from a
32 error 404 tarball, folder, or http url, or git url.
33 error System Darwin 13.4.0
34 error command "node" "/usr/local/bin/npm" "install" "load-grunt-task" "--save-dev"
35 error cwd /Users/patrick/Development/angular-ztiles
36 error node -v v0.10.32
37 error npm -v 1.4.28
38 error code E404
39 verbose exit [ 1, true ]
